2021-06-12 00:30:34.225 +03:00 [INF] User profile is available. Using 'C:\Users\wladi\AppData\Local\ASP.NET\DataProtection-Keys' as key repository and Windows DPAPI to encrypt keys at rest.
2021-06-12 00:30:34.860 +03:00 [INF] Application started. Press Ctrl+C to shut down.
2021-06-12 00:30:34.861 +03:00 [INF] Hosting environment: Development
2021-06-12 00:30:34.861 +03:00 [INF] Content root path: C:\Users\wladi\source\repos\Test\NewsAggregator
2021-06-12 00:30:34.903 +03:00 [INF] Request starting HTTP/2 GET https://localhost:44374/ - -
2021-06-12 00:30:34.952 +03:00 [INF] Executing endpoint 'NewsAggregator.Controllers.HomeController.Index (NewsAggregator)'
2021-06-12 00:30:35.009 +03:00 [INF] Route matched with {action = "Index", controller = "Home"}. Executing controller action with signature Microsoft.AspNetCore.Mvc.IActionResult Index() on controller NewsAggregator.Controllers.HomeController (NewsAggregator).
2021-06-12 00:30:46.845 +03:00 [FTL] Unhanded exception wat throwed  by app
System.NullReferenceException: Test Exception
   at NewsAggregator.Controllers.HomeController.Index() in C:\Users\wladi\source\repos\Test\NewsAggregator\Controllers\HomeController.cs:line 23
2021-06-12 00:30:48.267 +03:00 [INF] Executed action NewsAggregator.Controllers.HomeController.Index (NewsAggregator) in 13251.8012ms
2021-06-12 00:30:48.270 +03:00 [INF] Executed endpoint 'NewsAggregator.Controllers.HomeController.Index (NewsAggregator)'
2021-06-12 00:30:48.272 +03:00 [ERR] An unhandled exception has occurred while executing the request.
System.NullReferenceException: Test Exception
   at NewsAggregator.Controllers.HomeController.Index() in C:\Users\wladi\source\repos\Test\NewsAggregator\Controllers\HomeController.cs:line 23
   at lambda_method1(Closure , Object , Object[] )
   at Microsoft.AspNetCore.Mvc.Infrastructure.ActionMethodExecutor.SyncActionResultExecutor.Execute(IActionResultTypeMapper mapper, ObjectMethodExecutor executor, Object controller, Object[] arguments)
   at Microsoft.AspNetCore.Mvc.Infrastructure.ControllerActionInvoker.InvokeActionMethodAsync()
   at Microsoft.AspNetCore.Mvc.Infrastructure.ControllerActionInvoker.Next(State& next, Scope& scope, Object& state, Boolean& isCompleted)
   at Microsoft.AspNetCore.Mvc.Infrastructure.ControllerActionInvoker.InvokeNextActionFilterAsync()
--- End of stack trace from previous location ---
   at Microsoft.AspNetCore.Mvc.Infrastructure.ControllerActionInvoker.Rethrow(ActionExecutedContextSealed context)
   at Microsoft.AspNetCore.Mvc.Infrastructure.ControllerActionInvoker.Next(State& next, Scope& scope, Object& state, Boolean& isCompleted)
   at Microsoft.AspNetCore.Mvc.Infrastructure.ControllerActionInvoker.InvokeInnerFilterAsync()
--- End of stack trace from previous location ---
   at Microsoft.AspNetCore.Mvc.Infrastructure.ResourceInvoker.<InvokeNextResourceFilter>g__Awaited|24_0(ResourceInvoker invoker, Task lastTask, State next, Scope scope, Object state, Boolean isCompleted)
   at Microsoft.AspNetCore.Mvc.Infrastructure.ResourceInvoker.Rethrow(ResourceExecutedContextSealed context)
   at Microsoft.AspNetCore.Mvc.Infrastructure.ResourceInvoker.Next(State& next, Scope& scope, Object& state, Boolean& isCompleted)
   at Microsoft.AspNetCore.Mvc.Infrastructure.ResourceInvoker.InvokeFilterPipelineAsync()
--- End of stack trace from previous location ---
   at Microsoft.AspNetCore.Mvc.Infrastructure.ResourceInvoker.<InvokeAsync>g__Logged|17_1(ResourceInvoker invoker)
   at Microsoft.AspNetCore.Routing.EndpointMiddleware.<Invoke>g__AwaitRequestTask|6_0(Endpoint endpoint, Task requestTask, ILogger logger)
   at Microsoft.AspNetCore.Authorization.AuthorizationMiddleware.Invoke(HttpContext context)
   at Microsoft.AspNetCore.Diagnostics.DeveloperExceptionPageMiddleware.Invoke(HttpContext context)
2021-06-12 00:30:48.383 +03:00 [INF] Request finished HTTP/2 GET https://localhost:44374/ - - - 500 - text/html;+charset=utf-8 13484.9264ms
